<?xml version="1.0" encoding="UTF-8"?>
<!-- Generated by org.testng.reporters.JUnitXMLReporter -->
<testsuite ignored="0" hostname="LAPTOP-QFB7FCFV" failures="1" tests="1" name="LoginTest" time="0.088" errors="0" timestamp="2023-01-25T22:44:02 CST">
  <testcase classname="test.LoginTest" name="ValidUserShouldBeAbleToLogin" time="0.051">
    <failure type="java.lang.IllegalStateException" message="The driver executable does not exist: C:\Users\chumk\eclipse-Selenium\XML_Project\driver\Newchromedriver.exe">
      <![CDATA[java.lang.IllegalStateException: The driver executable does not exist: C:\Users\chumk\eclipse-Selenium\XML_Project\driver\Newchromedriver.exe
at com.google.common.base.Preconditions.checkState(Preconditions.java:585)
at org.openqa.selenium.remote.service.DriverService.checkExecutable(DriverService.java:146)
at org.openqa.selenium.remote.service.DriverService.findExecutable(DriverService.java:141)
at org.openqa.selenium.chrome.ChromeDriverService.access$000(ChromeDriverService.java:35)
at org.openqa.selenium.chrome.ChromeDriverService$Builder.findDefaultExecutable(ChromeDriverService.java:159)
at org.openqa.selenium.remote.service.DriverService$Builder.build(DriverService.java:355)
at org.openqa.selenium.chrome.ChromeDriverService.createDefaultService(ChromeDriverService.java:94)
at org.openqa.selenium.chrome.ChromeDriver.<init>(ChromeDriver.java:123)
at util.BrowserFactory.init(BrowserFactory.java:38)
at test.LoginTest.ValidUserShouldBeAbleToLogin(LoginTest.java:24)
at java.base/java.util.ArrayList.forEach(ArrayList.java:1511)
... Removed 27 stack frames]]>
    </failure>
  </testcase> <!-- ValidUserShouldBeAbleToLogin -->
</testsuite> <!-- LoginTest -->
